

[INFO ] 2019-02-05 11:33:36,498 method:org.springframework.web.servlet.FrameworkServlet.initServletBean(FrameworkServlet.java:489)
FrameworkServlet 'e3-search-web': initialization started


[INFO ] 2019-02-05 11:33:36,559 method:org.springframework.context.support.AbstractApplicationContext.prepareRefresh(AbstractApplicationContext.java:578)
Refreshing WebApplicationContext for namespace 'e3-search-web-servlet': startup date [Tue Feb 05 11:33:36 CST 2019]; root of context hierarchy


[INFO ] 2019-02-05 11:33:36,696 method:org.springframework.beans.factory.xml.XmlBeanDefinitionReader.loadBeanDefinitions(XmlBeanDefinitionReader.java:317)
Loading XML bean definitions from class path resource [spring/springmvc.xml]


[INFO ] 2019-02-05 11:33:38,715 method:
using logger: com.alibaba.dubbo.common.logger.log4j.Log4jLoggerAdapter


[INFO ] 2019-02-05 11:33:38,893 method:org.springframework.core.io.support.PropertiesLoaderSupport.loadProperties(PropertiesLoaderSupport.java:172)
Loading properties file from class path resource [conf/resource.properties]


[INFO ] 2019-02-05 11:33:38,903 method:org.springframework.beans.factory.annotation.AutowiredAnnotationBeanPostProcessor.<init>(AutowiredAnnotationBeanPostProcessor.java:153)
JSR-330 'javax.inject.Inject' annotation found and supported for autowiring


[INFO ] 2019-02-05 11:33:39,642 method:com.alibaba.dubbo.registry.support.AbstractRegistry.loadProperties(AbstractRegistry.java:232)
 [DUBBO] Load registry store file C:\Users\wpc\.dubbo\dubbo-registry-39.108.122.93.cache, data: {cn.e3mall.content.service.ContentCategoryService=empty://192.168.25.1:20881/cn.e3mall.content.service.ContentCategoryService?anyhost=true&application=e3-content&category=configurators&check=false&dubbo=2.5.3&interface=cn.e3mall.content.service.ContentCategoryService&methods=addContentCategory,updateContentCategory,deleteContentCategoryById,getContentCategoryListByParentid&pid=7004&side=provider&timeout=2000&timestamp=1549337491631, cn.e3mall.content.service.ContentService=empty://192.168.25.1:20881/cn.e3mall.content.service.ContentService?anyhost=true&application=e3-content&category=configurators&check=false&dubbo=2.5.3&interface=cn.e3mall.content.service.ContentService&methods=getContentListByCategoryId,updateContentById,deleteContentByIds,addContent&pid=7004&side=provider&timeout=2000&timestamp=1549337494876, cn.e3mall.search.service.SearchItemService=empty://192.168.25.1:20882/cn.e3mall.search.service.SearchItemService?anyhost=true&application=e3-search&category=configurators&check=false&dubbo=2.5.3&interface=cn.e3mall.search.service.SearchItemService&methods=searchItem&pid=5908&side=provider&timeout=600000&timestamp=1549337576319, cn.e3mall.service.ItemService=empty://192.168.25.1:20880/cn.e3mall.service.ItemService?anyhost=true&application=e3-manager&category=configurators&check=false&dubbo=2.5.3&interface=cn.e3mall.service.ItemService&methods=updateItemStatus,getItemList,addItem,getItemById,updateItem,getItemDescById&pid=5376&side=provider&timeout=2000&timestamp=1549337496593, cn.e3mall.service.ItemCatService=empty://192.168.25.1:20880/cn.e3mall.service.ItemCatService?anyhost=true&application=e3-manager&category=configurators&check=false&dubbo=2.5.3&interface=cn.e3mall.service.ItemCatService&methods=getItemCatListByParentId&pid=5376&side=provider&timeout=2000&timestamp=1549337497665, cn.e3mall.search.service.SearchIndexService=empty://192.168.25.1:20882/cn.e3mall.search.service.SearchIndexService?anyhost=true&application=e3-search&category=configurators&check=false&dubbo=2.5.3&interface=cn.e3mall.search.service.SearchIndexService&methods=importAllItemIndx&pid=5908&side=provider&timeout=600000&timestamp=1549337574643}, dubbo version: 2.5.3, current host: 127.0.0.1


[INFO ] 2019-02-05 11:33:39,690 method:org.I0Itec.zkclient.ZkEventThread.run(ZkEventThread.java:64)
Starting ZkClient event thread.


[INFO ] 2019-02-05 11:33:39,707 method:org.apache.zookeeper.Environment.logEnv(Environment.java:100)
Client environment:zookeeper.version=3.4.7-1713338, built on 11/09/2015 04:32 GMT


[INFO ] 2019-02-05 11:33:39,708 method:org.apache.zookeeper.Environment.logEnv(Environment.java:100)
Client environment:host.name=DESKTOP-EUR5JQM


[INFO ] 2019-02-05 11:33:39,872 method:org.apache.zookeeper.Environment.logEnv(Environment.java:100)
Client environment:java.version=1.8.0_144


[INFO ] 2019-02-05 11:33:39,872 method:org.apache.zookeeper.Environment.logEnv(Environment.java:100)
Client environment:java.vendor=Oracle Corporation


[INFO ] 2019-02-05 11:33:39,872 method:org.apache.zookeeper.Environment.logEnv(Environment.java:100)
Client environment:java.home=C:\Program Files\Java\jdk1.8.0_144\jre


[INFO ] 2019-02-05 11:33:39,873 method:org.apache.zookeeper.Environment.logEnv(Environment.java:100)
Client environment:java.class.path=D:\Maven\apache-maven-3.3.9\boot\plexus-classworlds-2.5.2.jar


[INFO ] 2019-02-05 11:33:39,873 method:org.apache.zookeeper.Environment.logEnv(Environment.java:100)
Client environment:java.library.path=C:\Program Files\Java\jdk1.8.0_144\bin;C:\Windows\Sun\Java\bin;C:\Windows\system32;C:\Windows;C:/Program Files/Java/jdk1.8.0_144/bin/../jre/bin/server;C:/Program Files/Java/jdk1.8.0_144/bin/../jre/bin;C:/Program Files/Java/jdk1.8.0_144/bin/../jre/lib/amd64;C:\Program Files (x86)\MySQL\MySQL Server 5.5\bin;C:\Program Files\Java\jdk1.8.0_144\bin;C:\Program Files\Java\jre1.8.0_144\bin;C:\Program Files\VisualSVN Server\bin;C:\Program Files\TortoiseSVN\bin;C:\windows\system32;C:\Program Files\nodejs\;D:\RationalRose\common;D:\Program Files\Git\cmd;C:\Users\wpc\AppData\Local\Microsoft\WindowsApps;C:\Program Files\Intel\WiFi\bin\;C:\Program Files\Common Files\Intel\WirelessCommon\;C:\Program Files\Bandizip\;C:\Program Files (x86)\MySQL\MySQL Server 5.5\bin;C:\Users\wpc\AppData\Roaming\npm;D:\Microsoft VS Code\bin;D:\SecureCRT;D:\eclipse;;.


[INFO ] 2019-02-05 11:33:39,873 method:org.apache.zookeeper.Environment.logEnv(Environment.java:100)
Client environment:java.io.tmpdir=C:\Users\wpc\AppData\Local\Temp\


[INFO ] 2019-02-05 11:33:39,874 method:org.apache.zookeeper.Environment.logEnv(Environment.java:100)
Client environment:java.compiler=<NA>


[INFO ] 2019-02-05 11:33:39,874 method:org.apache.zookeeper.Environment.logEnv(Environment.java:100)
Client environment:os.name=Windows 10


[INFO ] 2019-02-05 11:33:39,875 method:org.apache.zookeeper.Environment.logEnv(Environment.java:100)
Client environment:os.arch=amd64


[INFO ] 2019-02-05 11:33:39,875 method:org.apache.zookeeper.Environment.logEnv(Environment.java:100)
Client environment:os.version=10.0


[INFO ] 2019-02-05 11:33:39,875 method:org.apache.zookeeper.Environment.logEnv(Environment.java:100)
Client environment:user.name=wpc


[INFO ] 2019-02-05 11:33:39,875 method:org.apache.zookeeper.Environment.logEnv(Environment.java:100)
Client environment:user.home=C:\Users\wpc


[INFO ] 2019-02-05 11:33:39,875 method:org.apache.zookeeper.Environment.logEnv(Environment.java:100)
Client environment:user.dir=D:\eclipse_workspaceKJ\ssm_shop\e3-search-web


[INFO ] 2019-02-05 11:33:39,876 method:org.apache.zookeeper.ZooKeeper.<init>(ZooKeeper.java:438)
Initiating client connection, connectString=39.108.122.93:2181 sessionTimeout=30000 watcher=org.I0Itec.zkclient.ZkClient@f15b87d


[INFO ] 2019-02-05 11:33:40,549 method:org.apache.zookeeper.ClientCnxn$SendThread.logStartConnect(ClientCnxn.java:1032)
Opening socket connection to server 39.108.122.93/39.108.122.93:2181. Will not attempt to authenticate using SASL (unknown error)


[INFO ] 2019-02-05 11:33:40,605 method:org.apache.zookeeper.ClientCnxn$SendThread.primeConnection(ClientCnxn.java:876)
Socket connection established to 39.108.122.93/39.108.122.93:2181, initiating session


[INFO ] 2019-02-05 11:33:40,662 method:org.apache.zookeeper.ClientCnxn$SendThread.onConnected(ClientCnxn.java:1299)
Session establishment complete on server 39.108.122.93/39.108.122.93:2181, sessionid = 0x1687a854c480090, negotiated timeout = 30000


[INFO ] 2019-02-05 11:33:40,665 method:org.I0Itec.zkclient.ZkClient.processStateChanged(ZkClient.java:449)
zookeeper state changed (SyncConnected)


[INFO ] 2019-02-05 11:33:40,735 method:com.alibaba.dubbo.registry.support.AbstractRegistry.register(AbstractRegistry.java:302)
 [DUBBO] Register: consumer://192.168.25.1/cn.e3mall.search.service.SearchItemService?application=e3-search&category=consumers&check=false&dubbo=2.5.3&interface=cn.e3mall.search.service.SearchItemService&methods=searchItem&pid=10168&revision=0.0.1-SNAPSHOT&side=consumer&timestamp=1549337619375, dubbo version: 2.5.3, current host: 192.168.25.1


[INFO ] 2019-02-05 11:33:40,965 method:com.alibaba.dubbo.registry.support.AbstractRegistry.subscribe(AbstractRegistry.java:325)
 [DUBBO] Subscribe: consumer://192.168.25.1/cn.e3mall.search.service.SearchItemService?application=e3-search&category=providers,configurators,routers&dubbo=2.5.3&interface=cn.e3mall.search.service.SearchItemService&methods=searchItem&pid=10168&revision=0.0.1-SNAPSHOT&side=consumer&timestamp=1549337619375, dubbo version: 2.5.3, current host: 192.168.25.1


[INFO ] 2019-02-05 11:33:41,781 method:com.alibaba.dubbo.registry.support.AbstractRegistry.notify(AbstractRegistry.java:422)
 [DUBBO] Notify urls for subscribe url consumer://192.168.25.1/cn.e3mall.search.service.SearchItemService?application=e3-search&category=providers,configurators,routers&dubbo=2.5.3&interface=cn.e3mall.search.service.SearchItemService&methods=searchItem&pid=10168&revision=0.0.1-SNAPSHOT&side=consumer&timestamp=1549337619375, urls: [dubbo://192.168.25.1:20882/cn.e3mall.search.service.SearchItemService?anyhost=true&application=e3-search&dubbo=2.5.3&interface=cn.e3mall.search.service.SearchItemService&methods=searchItem&pid=5908&side=provider&timeout=600000&timestamp=1549337576319, empty://192.168.25.1/cn.e3mall.search.service.SearchItemService?application=e3-search&category=configurators&dubbo=2.5.3&interface=cn.e3mall.search.service.SearchItemService&methods=searchItem&pid=10168&revision=0.0.1-SNAPSHOT&side=consumer&timestamp=1549337619375, empty://192.168.25.1/cn.e3mall.search.service.SearchItemService?application=e3-search&category=routers&dubbo=2.5.3&interface=cn.e3mall.search.service.SearchItemService&methods=searchItem&pid=10168&revision=0.0.1-SNAPSHOT&side=consumer&timestamp=1549337619375], dubbo version: 2.5.3, current host: 192.168.25.1


[WARN ] 2019-02-05 11:33:41,786 method:com.alibaba.dubbo.registry.support.AbstractRegistry.doSaveProperties(AbstractRegistry.java:221)
 [DUBBO] Failed to save registry store file, cause: Can not lock the registry cache file C:\Users\wpc\.dubbo\dubbo-registry-39.108.122.93.cache, ignore and retry later, maybe multi java process use the file, please config: dubbo.registry.file=xxx.properties, dubbo version: 2.5.3, current host: 192.168.25.1
java.io.IOException: Can not lock the registry cache file C:\Users\wpc\.dubbo\dubbo-registry-39.108.122.93.cache, ignore and retry later, maybe multi java process use the file, please config: dubbo.registry.file=xxx.properties
	at com.alibaba.dubbo.registry.support.AbstractRegistry.doSaveProperties(AbstractRegistry.java:193)
	at com.alibaba.dubbo.registry.support.AbstractRegistry$SaveProperties.run(AbstractRegistry.java:150)
	at java.util.concurrent.ThreadPoolExecutor.runWorker(ThreadPoolExecutor.java:1149)
	at java.util.concurrent.ThreadPoolExecutor$Worker.run(ThreadPoolExecutor.java:624)
	at java.lang.Thread.run(Thread.java:748)


[WARN ] 2019-02-05 11:33:41,838 method:com.alibaba.dubbo.registry.support.AbstractRegistry.doSaveProperties(AbstractRegistry.java:221)
 [DUBBO] Failed to save registry store file, cause: Can not lock the registry cache file C:\Users\wpc\.dubbo\dubbo-registry-39.108.122.93.cache, ignore and retry later, maybe multi java process use the file, please config: dubbo.registry.file=xxx.properties, dubbo version: 2.5.3, current host: 192.168.25.1
java.io.IOException: Can not lock the registry cache file C:\Users\wpc\.dubbo\dubbo-registry-39.108.122.93.cache, ignore and retry later, maybe multi java process use the file, please config: dubbo.registry.file=xxx.properties
	at com.alibaba.dubbo.registry.support.AbstractRegistry.doSaveProperties(AbstractRegistry.java:193)
	at com.alibaba.dubbo.registry.support.AbstractRegistry$SaveProperties.run(AbstractRegistry.java:150)
	at java.util.concurrent.ThreadPoolExecutor.runWorker(ThreadPoolExecutor.java:1149)
	at java.util.concurrent.ThreadPoolExecutor$Worker.run(ThreadPoolExecutor.java:624)
	at java.lang.Thread.run(Thread.java:748)


[WARN ] 2019-02-05 11:33:41,839 method:com.alibaba.dubbo.registry.support.AbstractRegistry.doSaveProperties(AbstractRegistry.java:221)
 [DUBBO] Failed to save registry store file, cause: Can not lock the registry cache file C:\Users\wpc\.dubbo\dubbo-registry-39.108.122.93.cache, ignore and retry later, maybe multi java process use the file, please config: dubbo.registry.file=xxx.properties, dubbo version: 2.5.3, current host: 192.168.25.1
java.io.IOException: Can not lock the registry cache file C:\Users\wpc\.dubbo\dubbo-registry-39.108.122.93.cache, ignore and retry later, maybe multi java process use the file, please config: dubbo.registry.file=xxx.properties
	at com.alibaba.dubbo.registry.support.AbstractRegistry.doSaveProperties(AbstractRegistry.java:193)
	at com.alibaba.dubbo.registry.support.AbstractRegistry$SaveProperties.run(AbstractRegistry.java:150)
	at java.util.concurrent.ThreadPoolExecutor.runWorker(ThreadPoolExecutor.java:1149)
	at java.util.concurrent.ThreadPoolExecutor$Worker.run(ThreadPoolExecutor.java:624)
	at java.lang.Thread.run(Thread.java:748)


[WARN ] 2019-02-05 11:33:41,842 method:com.alibaba.dubbo.registry.support.AbstractRegistry.doSaveProperties(AbstractRegistry.java:221)
 [DUBBO] Failed to save registry store file, cause: Can not lock the registry cache file C:\Users\wpc\.dubbo\dubbo-registry-39.108.122.93.cache, ignore and retry later, maybe multi java process use the file, please config: dubbo.registry.file=xxx.properties, dubbo version: 2.5.3, current host: 192.168.25.1
java.io.IOException: Can not lock the registry cache file C:\Users\wpc\.dubbo\dubbo-registry-39.108.122.93.cache, ignore and retry later, maybe multi java process use the file, please config: dubbo.registry.file=xxx.properties
	at com.alibaba.dubbo.registry.support.AbstractRegistry.doSaveProperties(AbstractRegistry.java:193)
	at com.alibaba.dubbo.registry.support.AbstractRegistry$SaveProperties.run(AbstractRegistry.java:150)
	at java.util.concurrent.ThreadPoolExecutor.runWorker(ThreadPoolExecutor.java:1149)
	at java.util.concurrent.ThreadPoolExecutor$Worker.run(ThreadPoolExecutor.java:624)
	at java.lang.Thread.run(Thread.java:748)


[WARN ] 2019-02-05 11:33:41,843 method:com.alibaba.dubbo.registry.support.AbstractRegistry.doSaveProperties(AbstractRegistry.java:221)
 [DUBBO] Failed to save registry store file, cause: Can not lock the registry cache file C:\Users\wpc\.dubbo\dubbo-registry-39.108.122.93.cache, ignore and retry later, maybe multi java process use the file, please config: dubbo.registry.file=xxx.properties, dubbo version: 2.5.3, current host: 192.168.25.1
java.io.IOException: Can not lock the registry cache file C:\Users\wpc\.dubbo\dubbo-registry-39.108.122.93.cache, ignore and retry later, maybe multi java process use the file, please config: dubbo.registry.file=xxx.properties
	at com.alibaba.dubbo.registry.support.AbstractRegistry.doSaveProperties(AbstractRegistry.java:193)
	at com.alibaba.dubbo.registry.support.AbstractRegistry$SaveProperties.run(AbstractRegistry.java:150)
	at java.util.concurrent.ThreadPoolExecutor.runWorker(ThreadPoolExecutor.java:1149)
	at java.util.concurrent.ThreadPoolExecutor$Worker.run(ThreadPoolExecutor.java:624)
	at java.lang.Thread.run(Thread.java:748)


[WARN ] 2019-02-05 11:33:41,844 method:com.alibaba.dubbo.registry.support.AbstractRegistry.doSaveProperties(AbstractRegistry.java:221)
 [DUBBO] Failed to save registry store file, cause: Can not lock the registry cache file C:\Users\wpc\.dubbo\dubbo-registry-39.108.122.93.cache, ignore and retry later, maybe multi java process use the file, please config: dubbo.registry.file=xxx.properties, dubbo version: 2.5.3, current host: 192.168.25.1
java.io.IOException: Can not lock the registry cache file C:\Users\wpc\.dubbo\dubbo-registry-39.108.122.93.cache, ignore and retry later, maybe multi java process use the file, please config: dubbo.registry.file=xxx.properties
	at com.alibaba.dubbo.registry.support.AbstractRegistry.doSaveProperties(AbstractRegistry.java:193)
	at com.alibaba.dubbo.registry.support.AbstractRegistry$SaveProperties.run(AbstractRegistry.java:150)
	at java.util.concurrent.ThreadPoolExecutor.runWorker(ThreadPoolExecutor.java:1149)
	at java.util.concurrent.ThreadPoolExecutor$Worker.run(ThreadPoolExecutor.java:624)
	at java.lang.Thread.run(Thread.java:748)


[WARN ] 2019-02-05 11:33:41,845 method:com.alibaba.dubbo.registry.support.AbstractRegistry.doSaveProperties(AbstractRegistry.java:221)
 [DUBBO] Failed to save registry store file, cause: Can not lock the registry cache file C:\Users\wpc\.dubbo\dubbo-registry-39.108.122.93.cache, ignore and retry later, maybe multi java process use the file, please config: dubbo.registry.file=xxx.properties, dubbo version: 2.5.3, current host: 192.168.25.1
java.io.IOException: Can not lock the registry cache file C:\Users\wpc\.dubbo\dubbo-registry-39.108.122.93.cache, ignore and retry later, maybe multi java process use the file, please config: dubbo.registry.file=xxx.properties
	at com.alibaba.dubbo.registry.support.AbstractRegistry.doSaveProperties(AbstractRegistry.java:193)
	at com.alibaba.dubbo.registry.support.AbstractRegistry$SaveProperties.run(AbstractRegistry.java:150)
	at java.util.concurrent.ThreadPoolExecutor.runWorker(ThreadPoolExecutor.java:1149)
	at java.util.concurrent.ThreadPoolExecutor$Worker.run(ThreadPoolExecutor.java:624)
	at java.lang.Thread.run(Thread.java:748)


[WARN ] 2019-02-05 11:33:41,848 method:com.alibaba.dubbo.registry.support.AbstractRegistry.doSaveProperties(AbstractRegistry.java:221)
 [DUBBO] Failed to save registry store file, cause: Can not lock the registry cache file C:\Users\wpc\.dubbo\dubbo-registry-39.108.122.93.cache, ignore and retry later, maybe multi java process use the file, please config: dubbo.registry.file=xxx.properties, dubbo version: 2.5.3, current host: 192.168.25.1
java.io.IOException: Can not lock the registry cache file C:\Users\wpc\.dubbo\dubbo-registry-39.108.122.93.cache, ignore and retry later, maybe multi java process use the file, please config: dubbo.registry.file=xxx.properties
	at com.alibaba.dubbo.registry.support.AbstractRegistry.doSaveProperties(AbstractRegistry.java:193)
	at com.alibaba.dubbo.registry.support.AbstractRegistry$SaveProperties.run(AbstractRegistry.java:150)
	at java.util.concurrent.ThreadPoolExecutor.runWorker(ThreadPoolExecutor.java:1149)
	at java.util.concurrent.ThreadPoolExecutor$Worker.run(ThreadPoolExecutor.java:624)
	at java.lang.Thread.run(Thread.java:748)


[WARN ] 2019-02-05 11:33:41,849 method:com.alibaba.dubbo.registry.support.AbstractRegistry.doSaveProperties(AbstractRegistry.java:221)
 [DUBBO] Failed to save registry store file, cause: Can not lock the registry cache file C:\Users\wpc\.dubbo\dubbo-registry-39.108.122.93.cache, ignore and retry later, maybe multi java process use the file, please config: dubbo.registry.file=xxx.properties, dubbo version: 2.5.3, current host: 192.168.25.1
java.io.IOException: Can not lock the registry cache file C:\Users\wpc\.dubbo\dubbo-registry-39.108.122.93.cache, ignore and retry later, maybe multi java process use the file, please config: dubbo.registry.file=xxx.properties
	at com.alibaba.dubbo.registry.support.AbstractRegistry.doSaveProperties(AbstractRegistry.java:193)
	at com.alibaba.dubbo.registry.support.AbstractRegistry$SaveProperties.run(AbstractRegistry.java:150)
	at java.util.concurrent.ThreadPoolExecutor.runWorker(ThreadPoolExecutor.java:1149)
	at java.util.concurrent.ThreadPoolExecutor$Worker.run(ThreadPoolExecutor.java:624)
	at java.lang.Thread.run(Thread.java:748)


[WARN ] 2019-02-05 11:33:41,850 method:com.alibaba.dubbo.registry.support.AbstractRegistry.doSaveProperties(AbstractRegistry.java:221)
 [DUBBO] Failed to save registry store file, cause: Can not lock the registry cache file C:\Users\wpc\.dubbo\dubbo-registry-39.108.122.93.cache, ignore and retry later, maybe multi java process use the file, please config: dubbo.registry.file=xxx.properties, dubbo version: 2.5.3, current host: 192.168.25.1
java.io.IOException: Can not lock the registry cache file C:\Users\wpc\.dubbo\dubbo-registry-39.108.122.93.cache, ignore and retry later, maybe multi java process use the file, please config: dubbo.registry.file=xxx.properties
	at com.alibaba.dubbo.registry.support.AbstractRegistry.doSaveProperties(AbstractRegistry.java:193)
	at com.alibaba.dubbo.registry.support.AbstractRegistry$SaveProperties.run(AbstractRegistry.java:150)
	at java.util.concurrent.ThreadPoolExecutor.runWorker(ThreadPoolExecutor.java:1149)
	at java.util.concurrent.ThreadPoolExecutor$Worker.run(ThreadPoolExecutor.java:624)
	at java.lang.Thread.run(Thread.java:748)


[WARN ] 2019-02-05 11:33:41,855 method:com.alibaba.dubbo.registry.support.AbstractRegistry.doSaveProperties(AbstractRegistry.java:221)
 [DUBBO] Failed to save registry store file, cause: Can not lock the registry cache file C:\Users\wpc\.dubbo\dubbo-registry-39.108.122.93.cache, ignore and retry later, maybe multi java process use the file, please config: dubbo.registry.file=xxx.properties, dubbo version: 2.5.3, current host: 192.168.25.1
java.io.IOException: Can not lock the registry cache file C:\Users\wpc\.dubbo\dubbo-registry-39.108.122.93.cache, ignore and retry later, maybe multi java process use the file, please config: dubbo.registry.file=xxx.properties
	at com.alibaba.dubbo.registry.support.AbstractRegistry.doSaveProperties(AbstractRegistry.java:193)
	at com.alibaba.dubbo.registry.support.AbstractRegistry$SaveProperties.run(AbstractRegistry.java:150)
	at java.util.concurrent.ThreadPoolExecutor.runWorker(ThreadPoolExecutor.java:1149)
	at java.util.concurrent.ThreadPoolExecutor$Worker.run(ThreadPoolExecutor.java:624)
	at java.lang.Thread.run(Thread.java:748)


[WARN ] 2019-02-05 11:33:41,856 method:com.alibaba.dubbo.registry.support.AbstractRegistry.doSaveProperties(AbstractRegistry.java:221)
 [DUBBO] Failed to save registry store file, cause: Can not lock the registry cache file C:\Users\wpc\.dubbo\dubbo-registry-39.108.122.93.cache, ignore and retry later, maybe multi java process use the file, please config: dubbo.registry.file=xxx.properties, dubbo version: 2.5.3, current host: 192.168.25.1
java.io.IOException: Can not lock the registry cache file C:\Users\wpc\.dubbo\dubbo-registry-39.108.122.93.cache, ignore and retry later, maybe multi java process use the file, please config: dubbo.registry.file=xxx.properties
	at com.alibaba.dubbo.registry.support.AbstractRegistry.doSaveProperties(AbstractRegistry.java:193)
	at com.alibaba.dubbo.registry.support.AbstractRegistry$SaveProperties.run(AbstractRegistry.java:150)
	at java.util.concurrent.ThreadPoolExecutor.runWorker(ThreadPoolExecutor.java:1149)
	at java.util.concurrent.ThreadPoolExecutor$Worker.run(ThreadPoolExecutor.java:624)
	at java.lang.Thread.run(Thread.java:748)


[WARN ] 2019-02-05 11:33:41,857 method:com.alibaba.dubbo.registry.support.AbstractRegistry.doSaveProperties(AbstractRegistry.java:221)
 [DUBBO] Failed to save registry store file, cause: Can not lock the registry cache file C:\Users\wpc\.dubbo\dubbo-registry-39.108.122.93.cache, ignore and retry later, maybe multi java process use the file, please config: dubbo.registry.file=xxx.properties, dubbo version: 2.5.3, current host: 192.168.25.1
java.io.IOException: Can not lock the registry cache file C:\Users\wpc\.dubbo\dubbo-registry-39.108.122.93.cache, ignore and retry later, maybe multi java process use the file, please config: dubbo.registry.file=xxx.properties
	at com.alibaba.dubbo.registry.support.AbstractRegistry.doSaveProperties(AbstractRegistry.java:193)
	at com.alibaba.dubbo.registry.support.AbstractRegistry$SaveProperties.run(AbstractRegistry.java:150)
	at java.util.concurrent.ThreadPoolExecutor.runWorker(ThreadPoolExecutor.java:1149)
	at java.util.concurrent.ThreadPoolExecutor$Worker.run(ThreadPoolExecutor.java:624)
	at java.lang.Thread.run(Thread.java:748)


[WARN ] 2019-02-05 11:33:41,858 method:com.alibaba.dubbo.registry.support.AbstractRegistry.doSaveProperties(AbstractRegistry.java:221)
 [DUBBO] Failed to save registry store file, cause: Can not lock the registry cache file C:\Users\wpc\.dubbo\dubbo-registry-39.108.122.93.cache, ignore and retry later, maybe multi java process use the file, please config: dubbo.registry.file=xxx.properties, dubbo version: 2.5.3, current host: 192.168.25.1
java.io.IOException: Can not lock the registry cache file C:\Users\wpc\.dubbo\dubbo-registry-39.108.122.93.cache, ignore and retry later, maybe multi java process use the file, please config: dubbo.registry.file=xxx.properties
	at com.alibaba.dubbo.registry.support.AbstractRegistry.doSaveProperties(AbstractRegistry.java:193)
	at com.alibaba.dubbo.registry.support.AbstractRegistry$SaveProperties.run(AbstractRegistry.java:150)
	at java.util.concurrent.ThreadPoolExecutor.runWorker(ThreadPoolExecutor.java:1149)
	at java.util.concurrent.ThreadPoolExecutor$Worker.run(ThreadPoolExecutor.java:624)
	at java.lang.Thread.run(Thread.java:748)


[WARN ] 2019-02-05 11:33:41,859 method:com.alibaba.dubbo.registry.support.AbstractRegistry.doSaveProperties(AbstractRegistry.java:221)
 [DUBBO] Failed to save registry store file, cause: Can not lock the registry cache file C:\Users\wpc\.dubbo\dubbo-registry-39.108.122.93.cache, ignore and retry later, maybe multi java process use the file, please config: dubbo.registry.file=xxx.properties, dubbo version: 2.5.3, current host: 192.168.25.1
java.io.IOException: Can not lock the registry cache file C:\Users\wpc\.dubbo\dubbo-registry-39.108.122.93.cache, ignore and retry later, maybe multi java process use the file, please config: dubbo.registry.file=xxx.properties
	at com.alibaba.dubbo.registry.support.AbstractRegistry.doSaveProperties(AbstractRegistry.java:193)
	at com.alibaba.dubbo.registry.support.AbstractRegistry$SaveProperties.run(AbstractRegistry.java:150)
	at java.util.concurrent.ThreadPoolExecutor.runWorker(ThreadPoolExecutor.java:1149)
	at java.util.concurrent.ThreadPoolExecutor$Worker.run(ThreadPoolExecutor.java:624)
	at java.lang.Thread.run(Thread.java:748)


[WARN ] 2019-02-05 11:33:41,860 method:com.alibaba.dubbo.registry.support.AbstractRegistry.doSaveProperties(AbstractRegistry.java:221)
 [DUBBO] Failed to save registry store file, cause: Can not lock the registry cache file C:\Users\wpc\.dubbo\dubbo-registry-39.108.122.93.cache, ignore and retry later, maybe multi java process use the file, please config: dubbo.registry.file=xxx.properties, dubbo version: 2.5.3, current host: 192.168.25.1
java.io.IOException: Can not lock the registry cache file C:\Users\wpc\.dubbo\dubbo-registry-39.108.122.93.cache, ignore and retry later, maybe multi java process use the file, please config: dubbo.registry.file=xxx.properties
	at com.alibaba.dubbo.registry.support.AbstractRegistry.doSaveProperties(AbstractRegistry.java:193)
	at com.alibaba.dubbo.registry.support.AbstractRegistry$SaveProperties.run(AbstractRegistry.java:150)
	at java.util.concurrent.ThreadPoolExecutor.runWorker(ThreadPoolExecutor.java:1149)
	at java.util.concurrent.ThreadPoolExecutor$Worker.run(ThreadPoolExecutor.java:624)
	at java.lang.Thread.run(Thread.java:748)


[WARN ] 2019-02-05 11:33:41,860 method:com.alibaba.dubbo.registry.support.AbstractRegistry.doSaveProperties(AbstractRegistry.java:221)
 [DUBBO] Failed to save registry store file, cause: Can not lock the registry cache file C:\Users\wpc\.dubbo\dubbo-registry-39.108.122.93.cache, ignore and retry later, maybe multi java process use the file, please config: dubbo.registry.file=xxx.properties, dubbo version: 2.5.3, current host: 192.168.25.1
java.io.IOException: Can not lock the registry cache file C:\Users\wpc\.dubbo\dubbo-registry-39.108.122.93.cache, ignore and retry later, maybe multi java process use the file, please config: dubbo.registry.file=xxx.properties
	at com.alibaba.dubbo.registry.support.AbstractRegistry.doSaveProperties(AbstractRegistry.java:193)
	at com.alibaba.dubbo.registry.support.AbstractRegistry$SaveProperties.run(AbstractRegistry.java:150)
	at java.util.concurrent.ThreadPoolExecutor.runWorker(ThreadPoolExecutor.java:1149)
	at java.util.concurrent.ThreadPoolExecutor$Worker.run(ThreadPoolExecutor.java:624)
	at java.lang.Thread.run(Thread.java:748)


[WARN ] 2019-02-05 11:33:41,861 method:com.alibaba.dubbo.registry.support.AbstractRegistry.doSaveProperties(AbstractRegistry.java:221)
 [DUBBO] Failed to save registry store file, cause: Can not lock the registry cache file C:\Users\wpc\.dubbo\dubbo-registry-39.108.122.93.cache, ignore and retry later, maybe multi java process use the file, please config: dubbo.registry.file=xxx.properties, dubbo version: 2.5.3, current host: 192.168.25.1
java.io.IOException: Can not lock the registry cache file C:\Users\wpc\.dubbo\dubbo-registry-39.108.122.93.cache, ignore and retry later, maybe multi java process use the file, please config: dubbo.registry.file=xxx.properties
	at com.alibaba.dubbo.registry.support.AbstractRegistry.doSaveProperties(AbstractRegistry.java:193)
	at com.alibaba.dubbo.registry.support.AbstractRegistry$SaveProperties.run(AbstractRegistry.java:150)
	at java.util.concurrent.ThreadPoolExecutor.runWorker(ThreadPoolExecutor.java:1149)
	at java.util.concurrent.ThreadPoolExecutor$Worker.run(ThreadPoolExecutor.java:624)
	at java.lang.Thread.run(Thread.java:748)


[WARN ] 2019-02-05 11:33:41,863 method:com.alibaba.dubbo.registry.support.AbstractRegistry.doSaveProperties(AbstractRegistry.java:221)
 [DUBBO] Failed to save registry store file, cause: Can not lock the registry cache file C:\Users\wpc\.dubbo\dubbo-registry-39.108.122.93.cache, ignore and retry later, maybe multi java process use the file, please config: dubbo.registry.file=xxx.properties, dubbo version: 2.5.3, current host: 192.168.25.1
java.io.IOException: Can not lock the registry cache file C:\Users\wpc\.dubbo\dubbo-registry-39.108.122.93.cache, ignore and retry later, maybe multi java process use the file, please config: dubbo.registry.file=xxx.properties
	at com.alibaba.dubbo.registry.support.AbstractRegistry.doSaveProperties(AbstractRegistry.java:193)
	at com.alibaba.dubbo.registry.support.AbstractRegistry$SaveProperties.run(AbstractRegistry.java:150)
	at java.util.concurrent.ThreadPoolExecutor.runWorker(ThreadPoolExecutor.java:1149)
	at java.util.concurrent.ThreadPoolExecutor$Worker.run(ThreadPoolExecutor.java:624)
	at java.lang.Thread.run(Thread.java:748)


[WARN ] 2019-02-05 11:33:41,864 method:com.alibaba.dubbo.registry.support.AbstractRegistry.doSaveProperties(AbstractRegistry.java:221)
 [DUBBO] Failed to save registry store file, cause: Can not lock the registry cache file C:\Users\wpc\.dubbo\dubbo-registry-39.108.122.93.cache, ignore and retry later, maybe multi java process use the file, please config: dubbo.registry.file=xxx.properties, dubbo version: 2.5.3, current host: 192.168.25.1
java.io.IOException: Can not lock the registry cache file C:\Users\wpc\.dubbo\dubbo-registry-39.108.122.93.cache, ignore and retry later, maybe multi java process use the file, please config: dubbo.registry.file=xxx.properties
	at com.alibaba.dubbo.registry.support.AbstractRegistry.doSaveProperties(AbstractRegistry.java:193)
	at com.alibaba.dubbo.registry.support.AbstractRegistry$SaveProperties.run(AbstractRegistry.java:150)
	at java.util.concurrent.ThreadPoolExecutor.runWorker(ThreadPoolExecutor.java:1149)
	at java.util.concurrent.ThreadPoolExecutor$Worker.run(ThreadPoolExecutor.java:624)
	at java.lang.Thread.run(Thread.java:748)


[INFO ] 2019-02-05 11:33:42,074 method:com.alibaba.dubbo.remoting.transport.AbstractClient.connect(AbstractClient.java:287)
 [DUBBO] Successed connect to server /192.168.25.1:20882 from NettyClient 192.168.25.1 using dubbo version 2.5.3, channel is NettyChannel [channel=[id: 0x37165cf0, /192.168.25.1:3794 => /192.168.25.1:20882]], dubbo version: 2.5.3, current host: 192.168.25.1


[INFO ] 2019-02-05 11:33:42,075 method:com.alibaba.dubbo.remoting.transport.AbstractClient.<init>(AbstractClient.java:105)
 [DUBBO] Start NettyClient DESKTOP-EUR5JQM/192.168.25.1 connect to the server /192.168.25.1:20882, dubbo version: 2.5.3, current host: 192.168.25.1


[INFO ] 2019-02-05 11:33:42,210 method:com.alibaba.dubbo.config.ReferenceConfig.createProxy(ReferenceConfig.java:423)
 [DUBBO] Refer dubbo service cn.e3mall.search.service.SearchItemService from url zookeeper://39.108.122.93:2181/com.alibaba.dubbo.registry.RegistryService?anyhost=true&application=e3-search&check=false&dubbo=2.5.3&interface=cn.e3mall.search.service.SearchItemService&methods=searchItem&pid=10168&revision=0.0.1-SNAPSHOT&side=consumer&timeout=600000&timestamp=1549337619375, dubbo version: 2.5.3, current host: 192.168.25.1


[INFO ] 2019-02-05 11:33:44,255 method:org.springframework.web.servlet.handler.AbstractHandlerMethodMapping$MappingRegistry.register(AbstractHandlerMethodMapping.java:527)
Mapped "{[/search]}" onto public java.lang.String cn.e3mall.search.controller.SearchItemController.SearchItemByKeyword(java.lang.String,org.springframework.ui.Model,java.lang.Integer) throws java.lang.Exception


[INFO ] 2019-02-05 11:33:48,206 method:org.springframework.web.servlet.mvc.method.annotation.RequestMappingHandlerAdapter.initControllerAdviceCache(RequestMappingHandlerAdapter.java:532)
Looking for @ControllerAdvice: WebApplicationContext for namespace 'e3-search-web-servlet': startup date [Tue Feb 05 11:33:36 CST 2019]; root of context hierarchy


[INFO ] 2019-02-05 11:33:48,267 method:org.springframework.web.servlet.mvc.method.annotation.RequestMappingHandlerAdapter.initControllerAdviceCache(RequestMappingHandlerAdapter.java:532)
Looking for @ControllerAdvice: WebApplicationContext for namespace 'e3-search-web-servlet': startup date [Tue Feb 05 11:33:36 CST 2019]; root of context hierarchy


[INFO ] 2019-02-05 11:33:49,496 method:org.springframework.web.servlet.FrameworkServlet.initServletBean(FrameworkServlet.java:508)
FrameworkServlet 'e3-search-web': initialization completed in 12971 ms


[INFO ] 2019-02-05 11:35:38,368 method:com.alibaba.dubbo.registry.support.AbstractRegistry.notify(AbstractRegistry.java:422)
 [DUBBO] Notify urls for subscribe url consumer://192.168.25.1/cn.e3mall.search.service.SearchItemService?application=e3-search&category=providers,configurators,routers&dubbo=2.5.3&interface=cn.e3mall.search.service.SearchItemService&methods=searchItem&pid=10168&revision=0.0.1-SNAPSHOT&side=consumer&timestamp=1549337619375, urls: [empty://192.168.25.1/cn.e3mall.search.service.SearchItemService?application=e3-search&category=providers&dubbo=2.5.3&interface=cn.e3mall.search.service.SearchItemService&methods=searchItem&pid=10168&revision=0.0.1-SNAPSHOT&side=consumer&timestamp=1549337619375], dubbo version: 2.5.3, current host: 192.168.25.1


[INFO ] 2019-02-05 11:35:38,527 method:com.alibaba.dubbo.remoting.transport.netty.NettyChannel.close(NettyChannel.java:135)
 [DUBBO] Close netty channel [id: 0x37165cf0, /192.168.25.1:3794 => /192.168.25.1:20882], dubbo version: 2.5.3, current host: 192.168.25.1


[INFO ] 2019-02-05 11:35:38,532 method:com.alibaba.dubbo.rpc.protocol.dubbo.DubboProtocol$1.disconnected(DubboProtocol.java:130)
 [DUBBO] disconected from /192.168.25.1:20882,url:dubbo://192.168.25.1:20882/cn.e3mall.search.service.SearchItemService?anyhost=true&application=e3-search&check=false&codec=dubbo&dubbo=2.5.3&heartbeat=60000&interface=cn.e3mall.search.service.SearchItemService&methods=searchItem&pid=10168&revision=0.0.1-SNAPSHOT&side=consumer&timeout=600000&timestamp=1549337619375, dubbo version: 2.5.3, current host: 192.168.25.1


[INFO ] 2019-02-05 11:35:45,120 method:com.alibaba.dubbo.registry.support.AbstractRegistry.notify(AbstractRegistry.java:422)
 [DUBBO] Notify urls for subscribe url consumer://192.168.25.1/cn.e3mall.search.service.SearchItemService?application=e3-search&category=providers,configurators,routers&dubbo=2.5.3&interface=cn.e3mall.search.service.SearchItemService&methods=searchItem&pid=10168&revision=0.0.1-SNAPSHOT&side=consumer&timestamp=1549337619375, urls: [dubbo://192.168.25.1:20882/cn.e3mall.search.service.SearchItemService?anyhost=true&application=e3-search&dubbo=2.5.3&interface=cn.e3mall.search.service.SearchItemService&methods=searchItem&pid=5908&side=provider&timeout=600000&timestamp=1549337576319], dubbo version: 2.5.3, current host: 192.168.25.1


[INFO ] 2019-02-05 11:35:45,124 method:com.alibaba.dubbo.remoting.transport.AbstractClient.connect(AbstractClient.java:287)
 [DUBBO] Successed connect to server /192.168.25.1:20882 from NettyClient 192.168.25.1 using dubbo version 2.5.3, channel is NettyChannel [channel=[id: 0x961039ad, /192.168.25.1:3801 => /192.168.25.1:20882]], dubbo version: 2.5.3, current host: 192.168.25.1


[INFO ] 2019-02-05 11:35:45,124 method:com.alibaba.dubbo.remoting.transport.AbstractClient.<init>(AbstractClient.java:105)
 [DUBBO] Start NettyClient DESKTOP-EUR5JQM/192.168.25.1 connect to the server /192.168.25.1:20882, dubbo version: 2.5.3, current host: 192.168.25.1
